2022-03-12 11:41:10.701 - INFO - 3055 - azureml.train.automl._experiment_drivers.driver_utilities.modify_run_configuration:201 - Package azureml-train-automl missing from dependencies file.
2022-03-12 11:41:10.701 - INFO - 3055 - azureml.train.automl._experiment_drivers.driver_utilities.modify_run_configuration:207 - Using pinned version: azureml-train-automl==1.38.0.*
2022-03-12 11:41:10.701 - INFO - 3055 - azureml.train.automl._experiment_drivers.driver_utilities.modify_run_configuration:201 - Package pandas missing from dependencies file.
2022-03-12 11:41:10.702 - INFO - 3055 - azureml.train.automl._experiment_drivers.driver_utilities.modify_run_configuration:207 - Using pinned version: pandas==0.25.1
2022-03-12 11:41:10.702 - INFO - 3055 - azureml.train.automl._experiment_drivers.driver_utilities.modify_run_configuration:201 - Package psutil missing from dependencies file.
2022-03-12 11:41:10.702 - INFO - 3055 - azureml.train.automl._experiment_drivers.driver_utilities.modify_run_configuration:207 - Using pinned version: psutil>5.0.0,<6.0.0
2022-03-12 11:41:10.703 - INFO - 3055 - azureml.train.automl._experiment_drivers.driver_utilities.modify_run_configuration:201 - Package scikit-learn missing from dependencies file.
2022-03-12 11:41:10.703 - INFO - 3055 - azureml.train.automl._experiment_drivers.driver_utilities.modify_run_configuration:207 - Using pinned version: scikit-learn==0.22.1
2022-03-12 11:41:10.703 - INFO - 3055 - azureml.train.automl._experiment_drivers.driver_utilities.modify_run_configuration:201 - Package numpy missing from dependencies file.
2022-03-12 11:41:10.703 - INFO - 3055 - azureml.train.automl._experiment_drivers.driver_utilities.modify_run_configuration:207 - Using pinned version: numpy~=1.18.0
2022-03-12 11:41:10.704 - INFO - 3055 - azureml.train.automl._experiment_drivers.driver_utilities.modify_run_configuration:201 - Package py-xgboost missing from dependencies file.
2022-03-12 11:41:10.704 - INFO - 3055 - azureml.train.automl._experiment_drivers.driver_utilities.modify_run_configuration:207 - Using pinned version: py-xgboost<=0.90
2022-03-12 11:41:10.705 - INFO - 3055 - azureml.train.automl._experiment_drivers.driver_utilities.modify_run_configuration:201 - Package inference-schema missing from dependencies file.
2022-03-12 11:41:10.706 - INFO - 3055 - azureml.train.automl._experiment_drivers.driver_utilities.modify_run_configuration:211 - Using installed version: inference-schema==1.3.0
2022-03-12 11:41:10.706 - INFO - 3055 - azureml.train.automl._experiment_drivers.driver_utilities.modify_run_configuration:201 - Package fbprophet missing from dependencies file.
2022-03-12 11:41:10.706 - INFO - 3055 - azureml.train.automl._experiment_drivers.driver_utilities.modify_run_configuration:207 - Using pinned version: fbprophet==0.5
2022-03-12 11:41:10.707 - INFO - 3055 - azureml.train.automl._experiment_drivers.driver_utilities.modify_run_configuration:201 - Package setuptools-git missing from dependencies file.
2022-03-12 11:41:10.707 - INFO - 3055 - azureml.train.automl._experiment_drivers.driver_utilities.modify_run_configuration:211 - Using installed version: setuptools-git==1.2
2022-03-12 11:41:10.708 - INFO - 3055 - azureml.automl.core.dataset_utilities._save_datasets_to_json:131 - JSON serialization of input of type <class 'NoneType'> is un-supported.
2022-03-12 11:41:10.708 - INFO - 3055 - azureml.automl.core.dataset_utilities._save_datasets_to_json:131 - JSON serialization of input of type <class 'NoneType'> is un-supported.
2022-03-12 11:41:10.709 - INFO - 3055 - azureml.train.automl._experiment_drivers.driver_utilities.validate_input:124 - Start data validation.
2022-03-12 11:41:11.704 - INFO - 3055 - azureml.train.automl._experiment_drivers.driver_utilities.validate_input:137 - Validation service found the data has no errors.
2022-03-12 11:41:11.704 - INFO - 3055 - azureml.train.automl._experiment_drivers.driver_utilities.create_remote_parent_run:382 - Start creating parent run.
2022-03-12 11:41:11.948 - INFO - 3055 - azureml.train.automl._experiment_drivers.driver_utilities.create_remote_parent_run:402 - [ParentRunID:AutoML_b3b7183d-b3ce-45c6-b7cb-75498698ab46] Remote run using input X and y.
2022-03-12 11:41:12.025 - INFO - 3055 - azureml.train.automl._experiment_drivers.driver_utilities.start_remote_run:337 - Starting a snapshot run (snapshot_id : None)
